Base path: 'C:/Program Files/Unity/Hub/Editor/2019.4.18f1/Editor/Data', plugins path 'C:/Program Files/Unity/Hub/Editor/2019.4.18f1/Editor/Data/PlaybackEngines'
Cmd: initializeCompiler
Cmd: compileSnippet
  api=4 type=0 insize=11846 outsize=1258 kw=SHADOWS_SPLIT_SPHERES pd=UNITY_ENABLE_REFLECTION_BUFFERS UNITY_USE_DITHER_MASK_FOR_ALPHABLENDED_SHADOWS UNITY_PBS_USE_BRDF1 UNITY_SPECCUBE_BOX_PROJECTION UNITY_SPECCUBE_BLENDING UNITY_ENABLE_DETAIL_NORMALMAP SHADER_API_DESKTOP UNITY_COLORSPACE_GAMMA UNITY_LIGHT_PROBE_PROXY_VOLUME UNITY_LIGHTMAP_FULL_HDR ok=1
Cmd: initializeCompiler
Cmd: compileComputeKernel
  api=4 insize=12919 outsize=1499 ok=1
Cmd: compileComputeKernel
  api=4 insize=12919 outsize=1931 ok=1
Cmd: compileComputeKernel
  api=4 insize=12919 outsize=1364 ok=1
Cmd: compileComputeKernel
  api=4 insize=12919 outsize=1916 ok=1
Cmd: compileComputeKernel
  api=4 insize=12807 outsize=1465 ok=1
Cmd: compileComputeKernel
  api=4 insize=12807 outsize=1465 ok=1
Cmd: compileComputeKernel
  api=4 insize=12807 outsize=1620 ok=1
Cmd: compileComputeKernel
  api=4 insize=12807 outsize=1499 ok=1
Cmd: compileComputeKernel
  api=4 insize=12807 outsize=1528 ok=1
Cmd: compileComputeKernel
  api=4 insize=17013 outsize=3291 ok=1
Cmd: compileComputeKernel
  api=4 insize=17013 outsize=5445 ok=1
Cmd: compileComputeKernel
  api=4 insize=79953 outsize=1686 ok=1
Cmd: compileComputeKernel
  api=4 insize=79953 outsize=3099 ok=1
Cmd: compileComputeKernel
  api=4 insize=79953 outsize=2482 ok=1
Cmd: compileComputeKernel
  api=4 insize=79953 outsize=2041 ok=1
Cmd: compileComputeKernel
  api=4 insize=79953 outsize=1287 ok=1
Cmd: compileComputeKernel
  api=4 insize=79953 outsize=1369 ok=1
Cmd: compileComputeKernel
  api=4 insize=79953 outsize=1520 ok=1
Cmd: compileComputeKernel
  api=4 insize=79953 outsize=1383 ok=1
Cmd: compileComputeKernel
  api=4 insize=79953 outsize=1465 ok=1
Cmd: compileComputeKernel
  api=4 insize=79953 outsize=1547 ok=1
Cmd: compileComputeKernel
  api=4 insize=79953 outsize=1284 ok=1
Cmd: compileComputeKernel
  api=4 insize=79953 outsize=1628 ok=1
Cmd: compileComputeKernel
  api=4 insize=79953 outsize=1380 ok=1
Cmd: compileComputeKernel
  api=4 insize=79953 outsize=1387 ok=1
Cmd: compileComputeKernel
  api=4 insize=79953 outsize=1549 ok=1
Cmd: compileComputeKernel
  api=4 insize=79953 outsize=1819 ok=1
Cmd: compileComputeKernel
  api=4 insize=79953 outsize=1819 ok=1
Cmd: compileComputeKernel
  api=4 insize=79953 outsize=1856 ok=1
Cmd: compileComputeKernel
  api=4 insize=79953 outsize=1998 ok=1
Cmd: compileComputeKernel
  api=4 insize=79953 outsize=2296 ok=1
Cmd: compileComputeKernel
  api=4 insize=79953 outsize=1301 ok=1
Cmd: compileComputeKernel
  api=4 insize=79953 outsize=1449 ok=1
Cmd: compileComputeKernel
  api=4 insize=79953 outsize=1427 ok=1
Cmd: compileComputeKernel
  api=4 insize=79953 outsize=1927 ok=1
Cmd: compileComputeKernel
  api=4 insize=73293 outsize=5015 ok=1
Cmd: compileComputeKernel
  api=4 insize=57129 outsize=674 ok=1
Cmd: compileComputeKernel
  api=4 insize=57129 outsize=769 ok=1
Cmd: compileComputeKernel
  api=4 insize=57129 outsize=695 ok=1
Cmd: compileComputeKernel
  api=4 insize=57129 outsize=1005 ok=1
Cmd: compileComputeKernel
  api=4 insize=57129 outsize=855 ok=1
Cmd: compileComputeKernel
  api=4 insize=57129 outsize=677 ok=1
Cmd: compileComputeKernel
  api=4 insize=57129 outsize=759 ok=1
Cmd: compileComputeKernel
  api=4 insize=57129 outsize=837 ok=1
Cmd: compileComputeKernel
  api=4 insize=57129 outsize=1113 ok=1
Cmd: compileComputeKernel
  api=4 insize=57129 outsize=791 ok=1
Cmd: compileComputeKernel
  api=4 insize=57129 outsize=772 ok=1
Cmd: compileComputeKernel
  api=4 insize=57129 outsize=846 ok=1
Cmd: compileComputeKernel
  api=4 insize=57129 outsize=1292 ok=1
Cmd: compileComputeKernel
  api=4 insize=57129 outsize=1547 ok=1
Cmd: compileComputeKernel
  api=4 insize=57129 outsize=1369 ok=1
Cmd: compileComputeKernel
  api=4 insize=57129 outsize=1359 ok=1
Cmd: compileComputeKernel
  api=4 insize=57129 outsize=1311 ok=1
Cmd: compileComputeKernel
  api=4 insize=57129 outsize=1221 ok=1
Cmd: compileComputeKernel
  api=4 insize=57129 outsize=1618 ok=1
Cmd: compileComputeKernel
  api=4 insize=57129 outsize=1573 ok=1
Cmd: compileComputeKernel
  api=4 insize=57129 outsize=1628 ok=1
Cmd: compileComputeKernel
  api=4 insize=57129 outsize=1374 ok=1
Cmd: compileComputeKernel
  api=4 insize=57129 outsize=1805 ok=1
Cmd: compileComputeKernel
  api=4 insize=57129 outsize=1338 ok=1
Cmd: compileComputeKernel
  api=4 insize=57129 outsize=1380 ok=1
Cmd: compileComputeKernel
  api=4 insize=57129 outsize=1361 ok=1
Cmd: compileComputeKernel
  api=4 insize=95078 outsize=14204 ok=1
Cmd: compileComputeKernel
  api=4 insize=95078 outsize=25006 ok=1
Cmd: compileComputeKernel
  api=4 insize=4442 outsize=1750 ok=1
