Base path: 'C:/Program Files/Unity/Hub/Editor/2019.4.18f1/Editor/Data', plugins path 'C:/Program Files/Unity/Hub/Editor/2019.4.18f1/Editor/Data/PlaybackEngines'
Cmd: initializeCompiler
Cmd: compileSnippet
  api=4 type=1 insize=1302 outsize=218 kw=UNITY_PASS_SHADOWCASTER SHADOWS_DEPTH pd=UNITY_ENABLE_REFLECTION_BUFFERS UNITY_USE_DITHER_MASK_FOR_ALPHABLENDED_SHADOWS UNITY_PBS_USE_BRDF1 UNITY_SPECCUBE_BOX_PROJECTION UNITY_SPECCUBE_BLENDING UNITY_ENABLE_DETAIL_NORMALMAP SHADER_API_DESKTOP UNITY_COLORSPACE_GAMMA UNITY_LIGHT_PROBE_PROXY_VOLUME UNITY_LIGHTMAP_FULL_HDR ok=1
Cmd: initializeCompiler
Cmd: compileComputeKernel
  api=4 insize=12919 outsize=1027 ok=1
Cmd: compileComputeKernel
  api=4 insize=12919 outsize=1848 ok=1
Cmd: compileComputeKernel
  api=4 insize=12919 outsize=2479 ok=1
Cmd: compileComputeKernel
  api=4 insize=12807 outsize=1465 ok=1
Cmd: compileComputeKernel
  api=4 insize=12807 outsize=1905 ok=1
Cmd: compileComputeKernel
  api=4 insize=12807 outsize=1502 ok=1
Cmd: compileComputeKernel
  api=4 insize=12807 outsize=1611 ok=1
Cmd: compileComputeKernel
  api=4 insize=12807 outsize=1765 ok=1
Cmd: compileComputeKernel
  api=4 insize=17013 outsize=3147 ok=1
Cmd: compileComputeKernel
  api=4 insize=17013 outsize=5893 ok=1
Cmd: compileComputeKernel
  api=4 insize=79953 outsize=10239 ok=1
Cmd: compileComputeKernel
  api=4 insize=79953 outsize=1647 ok=1
Cmd: compileComputeKernel
  api=4 insize=79953 outsize=1610 ok=1
Cmd: compileComputeKernel
  api=4 insize=79953 outsize=1287 ok=1
Cmd: compileComputeKernel
  api=4 insize=79953 outsize=1285 ok=1
Cmd: compileComputeKernel
  api=4 insize=79953 outsize=1631 ok=1
Cmd: compileComputeKernel
  api=4 insize=79953 outsize=1465 ok=1
Cmd: compileComputeKernel
  api=4 insize=79953 outsize=1311 ok=1
Cmd: compileComputeKernel
  api=4 insize=79953 outsize=1777 ok=1
Cmd: compileComputeKernel
  api=4 insize=79953 outsize=1397 ok=1
Cmd: compileComputeKernel
  api=4 insize=79953 outsize=1401 ok=1
Cmd: compileComputeKernel
  api=4 insize=79953 outsize=1384 ok=1
Cmd: compileComputeKernel
  api=4 insize=79953 outsize=1823 ok=1
Cmd: compileComputeKernel
  api=4 insize=79953 outsize=1819 ok=1
Cmd: compileComputeKernel
  api=4 insize=79953 outsize=1851 ok=1
Cmd: compileComputeKernel
  api=4 insize=79953 outsize=1853 ok=1
Cmd: compileComputeKernel
  api=4 insize=79953 outsize=1997 ok=1
Cmd: compileComputeKernel
  api=4 insize=79953 outsize=1326 ok=1
Cmd: compileComputeKernel
  api=4 insize=79953 outsize=1514 ok=1
Cmd: compileComputeKernel
  api=4 insize=79953 outsize=1346 ok=1
Cmd: compileComputeKernel
  api=4 insize=79953 outsize=1427 ok=1
Cmd: compileComputeKernel
  api=4 insize=79953 outsize=923 ok=1
Cmd: compileComputeKernel
  api=4 insize=79953 outsize=1382 ok=1
Cmd: compileComputeKernel
  api=4 insize=4231 outsize=3544 ok=1
Cmd: compileComputeKernel
  api=4 insize=73293 outsize=3651 ok=1
Cmd: compileComputeKernel
  api=4 insize=57129 outsize=772 ok=1
Cmd: compileComputeKernel
  api=4 insize=57129 outsize=770 ok=1
Cmd: compileComputeKernel
  api=4 insize=57129 outsize=806 ok=1
Cmd: compileComputeKernel
  api=4 insize=57129 outsize=791 ok=1
Cmd: compileComputeKernel
  api=4 insize=57129 outsize=1023 ok=1
Cmd: compileComputeKernel
  api=4 insize=57129 outsize=677 ok=1
Cmd: compileComputeKernel
  api=4 insize=57129 outsize=854 ok=1
Cmd: compileComputeKernel
  api=4 insize=57129 outsize=1246 ok=1
Cmd: compileComputeKernel
  api=4 insize=57129 outsize=847 ok=1
Cmd: compileComputeKernel
  api=4 insize=57129 outsize=886 ok=1
Cmd: compileComputeKernel
  api=4 insize=57129 outsize=629 ok=1
Cmd: compileComputeKernel
  api=4 insize=57129 outsize=804 ok=1
Cmd: compileComputeKernel
  api=4 insize=57129 outsize=1298 ok=1
Cmd: compileComputeKernel
  api=4 insize=57129 outsize=1524 ok=1
Cmd: compileComputeKernel
  api=4 insize=57129 outsize=1306 ok=1
Cmd: compileComputeKernel
  api=4 insize=57129 outsize=1465 ok=1
Cmd: compileComputeKernel
  api=4 insize=57129 outsize=1311 ok=1
Cmd: compileComputeKernel
  api=4 insize=57129 outsize=1284 ok=1
Cmd: compileComputeKernel
  api=4 insize=57129 outsize=1306 ok=1
Cmd: compileComputeKernel
  api=4 insize=57129 outsize=1364 ok=1
Cmd: compileComputeKernel
  api=4 insize=57129 outsize=1533 ok=1
Cmd: compileComputeKernel
  api=4 insize=57129 outsize=1628 ok=1
Cmd: compileComputeKernel
  api=4 insize=57129 outsize=1401 ok=1
Cmd: compileComputeKernel
  api=4 insize=57129 outsize=1264 ok=1
Cmd: compileComputeKernel
  api=4 insize=57129 outsize=1384 ok=1
Cmd: compileComputeKernel
  api=4 insize=95078 outsize=11445 ok=1
Cmd: compileComputeKernel
  api=4 insize=95078 outsize=22181 ok=1
Cmd: compileComputeKernel
  api=4 insize=95078 outsize=35914 ok=1
Cmd: compileComputeKernel
  api=4 insize=4442 outsize=1750 ok=1
