Base path: 'C:/Program Files/Unity/Hub/Editor/2019.4.18f1/Editor/Data', plugins path 'C:/Program Files/Unity/Hub/Editor/2019.4.18f1/Editor/Data/PlaybackEngines'
Cmd: initializeCompiler
Cmd: compileSnippet
  api=4 type=0 insize=1602 outsize=2002 kw=UNITY_PASS_FORWARDBASE DIRECTIONAL SHADOWS_SCREEN LIGHTPROBE_SH pd=UNITY_ENABLE_REFLECTION_BUFFERS UNITY_USE_DITHER_MASK_FOR_ALPHABLENDED_SHADOWS UNITY_PBS_USE_BRDF1 UNITY_SPECCUBE_BOX_PROJECTION UNITY_SPECCUBE_BLENDING UNITY_ENABLE_DETAIL_NORMALMAP SHADER_API_DESKTOP UNITY_COLORSPACE_GAMMA UNITY_LIGHT_PROBE_PROXY_VOLUME UNITY_LIGHTMAP_FULL_HDR ok=1
Cmd: initializeCompiler
Cmd: compileComputeKernel
  api=4 insize=12919 outsize=1558 ok=1
Cmd: compileComputeKernel
  api=4 insize=12919 outsize=1579 ok=1
Cmd: compileComputeKernel
  api=4 insize=12919 outsize=1585 ok=1
Cmd: compileComputeKernel
  api=4 insize=12807 outsize=1465 ok=1
Cmd: compileComputeKernel
  api=4 insize=12807 outsize=1494 ok=1
Cmd: compileComputeKernel
  api=4 insize=12807 outsize=1528 ok=1
Cmd: compileComputeKernel
  api=4 insize=17013 outsize=3291 ok=1
Cmd: compileComputeKernel
  api=4 insize=17013 outsize=5633 ok=1
Cmd: compileComputeKernel
  api=4 insize=79953 outsize=1686 ok=1
Cmd: compileComputeKernel
  api=4 insize=79953 outsize=3099 ok=1
Cmd: compileComputeKernel
  api=4 insize=79953 outsize=2634 ok=1
Cmd: compileComputeKernel
  api=4 insize=79953 outsize=1461 ok=1
Cmd: compileComputeKernel
  api=4 insize=79953 outsize=2029 ok=1
Cmd: compileComputeKernel
  api=4 insize=79953 outsize=1495 ok=1
Cmd: compileComputeKernel
  api=4 insize=79953 outsize=1597 ok=1
Cmd: compileComputeKernel
  api=4 insize=79953 outsize=3271 ok=1
Cmd: compileComputeKernel
  api=4 insize=79953 outsize=1310 ok=1
Cmd: compileComputeKernel
  api=4 insize=79953 outsize=1682 ok=1
Cmd: compileComputeKernel
  api=4 insize=79953 outsize=1861 ok=1
Cmd: compileComputeKernel
  api=4 insize=79953 outsize=1311 ok=1
Cmd: compileComputeKernel
  api=4 insize=79953 outsize=1596 ok=1
Cmd: compileComputeKernel
  api=4 insize=79953 outsize=1397 ok=1
Cmd: compileComputeKernel
  api=4 insize=79953 outsize=1287 ok=1
Cmd: compileComputeKernel
  api=4 insize=79953 outsize=1319 ok=1
Cmd: compileComputeKernel
  api=4 insize=79953 outsize=1364 ok=1
Cmd: compileComputeKernel
  api=4 insize=79953 outsize=1819 ok=1
Cmd: compileComputeKernel
  api=4 insize=79953 outsize=1819 ok=1
Cmd: compileComputeKernel
  api=4 insize=79953 outsize=1819 ok=1
Cmd: compileComputeKernel
  api=4 insize=79953 outsize=1341 ok=1
Cmd: compileComputeKernel
  api=4 insize=79953 outsize=1394 ok=1
Cmd: compileComputeKernel
  api=4 insize=79953 outsize=1449 ok=1
Cmd: compileComputeKernel
  api=4 insize=79953 outsize=1750 ok=1
Cmd: compileComputeKernel
  api=4 insize=79953 outsize=2302 ok=1
Cmd: compileComputeKernel
  api=4 insize=4231 outsize=3368 ok=1
Cmd: compileComputeKernel
  api=4 insize=73293 outsize=2756 ok=1
Cmd: compileComputeKernel
  api=4 insize=73293 outsize=1071 ok=1
Cmd: compileComputeKernel
  api=4 insize=57129 outsize=677 ok=1
Cmd: compileComputeKernel
  api=4 insize=57129 outsize=680 ok=1
Cmd: compileComputeKernel
  api=4 insize=57129 outsize=711 ok=1
Cmd: compileComputeKernel
  api=4 insize=57129 outsize=1094 ok=1
Cmd: compileComputeKernel
  api=4 insize=57129 outsize=777 ok=1
Cmd: compileComputeKernel
  api=4 insize=57129 outsize=844 ok=1
Cmd: compileComputeKernel
  api=4 insize=57129 outsize=622 ok=1
Cmd: compileComputeKernel
  api=4 insize=57129 outsize=700 ok=1
Cmd: compileComputeKernel
  api=4 insize=57129 outsize=847 ok=1
Cmd: compileComputeKernel
  api=4 insize=57129 outsize=787 ok=1
Cmd: compileComputeKernel
  api=4 insize=57129 outsize=855 ok=1
Cmd: compileComputeKernel
  api=4 insize=57129 outsize=838 ok=1
Cmd: compileComputeKernel
  api=4 insize=57129 outsize=693 ok=1
Cmd: compileComputeKernel
  api=4 insize=57129 outsize=1321 ok=1
Cmd: compileComputeKernel
  api=4 insize=57129 outsize=1484 ok=1
Cmd: compileComputeKernel
  api=4 insize=57129 outsize=1346 ok=1
Cmd: compileComputeKernel
  api=4 insize=57129 outsize=1300 ok=1
Cmd: compileComputeKernel
  api=4 insize=57129 outsize=1359 ok=1
Cmd: compileComputeKernel
  api=4 insize=57129 outsize=1248 ok=1
Cmd: compileComputeKernel
  api=4 insize=57129 outsize=1261 ok=1
Cmd: compileComputeKernel
  api=4 insize=57129 outsize=1631 ok=1
Cmd: compileComputeKernel
  api=4 insize=57129 outsize=1324 ok=1
Cmd: compileComputeKernel
  api=4 insize=57129 outsize=1334 ok=1
Cmd: compileComputeKernel
  api=4 insize=57129 outsize=1397 ok=1
Cmd: compileComputeKernel
  api=4 insize=57129 outsize=1378 ok=1
Cmd: compileComputeKernel
  api=4 insize=57129 outsize=1224 ok=1
Cmd: compileComputeKernel
  api=4 insize=57129 outsize=1317 ok=1
Cmd: compileComputeKernel
  api=4 insize=57129 outsize=1319 ok=1
Cmd: compileComputeKernel
  api=4 insize=95078 outsize=6364 ok=1
Cmd: compileComputeKernel
  api=4 insize=95078 outsize=27245 ok=1
Cmd: compileComputeKernel
  api=4 insize=4442 outsize=1684 ok=1
