Base path: 'C:/Program Files/Unity/Hub/Editor/2019.4.18f1/Editor/Data', plugins path 'C:/Program Files/Unity/Hub/Editor/2019.4.18f1/Editor/Data/PlaybackEngines'
Cmd: initializeCompiler
Cmd: compileSnippet
  api=4 type=1 insize=11846 outsize=5706 kw=SHADOWS_SPLIT_SPHERES pd=UNITY_ENABLE_REFLECTION_BUFFERS UNITY_USE_DITHER_MASK_FOR_ALPHABLENDED_SHADOWS UNITY_PBS_USE_BRDF1 UNITY_SPECCUBE_BOX_PROJECTION UNITY_SPECCUBE_BLENDING UNITY_ENABLE_DETAIL_NORMALMAP SHADER_API_DESKTOP UNITY_COLORSPACE_GAMMA UNITY_LIGHT_PROBE_PROXY_VOLUME UNITY_LIGHTMAP_FULL_HDR ok=1
Cmd: initializeCompiler
Cmd: compileComputeKernel
  api=4 insize=12919 outsize=1126 ok=1
Cmd: compileComputeKernel
  api=4 insize=12919 outsize=1971 ok=1
Cmd: compileComputeKernel
  api=4 insize=12919 outsize=2218 ok=1
Cmd: compileComputeKernel
  api=4 insize=12807 outsize=1465 ok=1
Cmd: compileComputeKernel
  api=4 insize=12807 outsize=1465 ok=1
Cmd: compileComputeKernel
  api=4 insize=12807 outsize=1494 ok=1
Cmd: compileComputeKernel
  api=4 insize=12807 outsize=1616 ok=1
Cmd: compileComputeKernel
  api=4 insize=17013 outsize=2137 ok=1
Cmd: compileComputeKernel
  api=4 insize=17013 outsize=3276 ok=1
Cmd: compileComputeKernel
  api=4 insize=79953 outsize=10967 ok=1
Cmd: compileComputeKernel
  api=4 insize=79953 outsize=1324 ok=1
Cmd: compileComputeKernel
  api=4 insize=79953 outsize=1383 ok=1
Cmd: compileComputeKernel
  api=4 insize=79953 outsize=1359 ok=1
Cmd: compileComputeKernel
  api=4 insize=79953 outsize=1628 ok=1
Cmd: compileComputeKernel
  api=4 insize=79953 outsize=1401 ok=1
Cmd: compileComputeKernel
  api=4 insize=79953 outsize=1287 ok=1
Cmd: compileComputeKernel
  api=4 insize=79953 outsize=1823 ok=1
Cmd: compileComputeKernel
  api=4 insize=79953 outsize=2259 ok=1
Cmd: compileComputeKernel
  api=4 insize=79953 outsize=1851 ok=1
Cmd: compileComputeKernel
  api=4 insize=79953 outsize=1997 ok=1
Cmd: compileComputeKernel
  api=4 insize=79953 outsize=1466 ok=1
Cmd: compileComputeKernel
  api=4 insize=79953 outsize=1341 ok=1
Cmd: compileComputeKernel
  api=4 insize=79953 outsize=1750 ok=1
Cmd: compileComputeKernel
  api=4 insize=79953 outsize=2483 ok=1
Cmd: compileComputeKernel
  api=4 insize=4231 outsize=2026 ok=1
Cmd: compileComputeKernel
  api=4 insize=73293 outsize=5741 ok=1
Cmd: compileComputeKernel
  api=4 insize=57129 outsize=622 ok=1
Cmd: compileComputeKernel
  api=4 insize=57129 outsize=682 ok=1
Cmd: compileComputeKernel
  api=4 insize=57129 outsize=1032 ok=1
Cmd: compileComputeKernel
  api=4 insize=57129 outsize=848 ok=1
Cmd: compileComputeKernel
  api=4 insize=57129 outsize=701 ok=1
Cmd: compileComputeKernel
  api=4 insize=57129 outsize=769 ok=1
Cmd: compileComputeKernel
  api=4 insize=57129 outsize=872 ok=1
Cmd: compileComputeKernel
  api=4 insize=57129 outsize=1310 ok=1
Cmd: compileComputeKernel
  api=4 insize=57129 outsize=1313 ok=1
Cmd: compileComputeKernel
  api=4 insize=57129 outsize=772 ok=1
Cmd: compileComputeKernel
  api=4 insize=57129 outsize=1292 ok=1
Cmd: compileComputeKernel
  api=4 insize=57129 outsize=1861 ok=1
Cmd: compileComputeKernel
  api=4 insize=57129 outsize=1457 ok=1
Cmd: compileComputeKernel
  api=4 insize=57129 outsize=1340 ok=1
Cmd: compileComputeKernel
  api=4 insize=57129 outsize=1402 ok=1
Cmd: compileComputeKernel
  api=4 insize=57129 outsize=1311 ok=1
Cmd: compileComputeKernel
  api=4 insize=57129 outsize=1248 ok=1
Cmd: compileComputeKernel
  api=4 insize=57129 outsize=1346 ok=1
Cmd: compileComputeKernel
  api=4 insize=57129 outsize=1387 ok=1
Cmd: compileComputeKernel
  api=4 insize=57129 outsize=1374 ok=1
Cmd: compileComputeKernel
  api=4 insize=57129 outsize=1397 ok=1
Cmd: compileComputeKernel
  api=4 insize=57129 outsize=1828 ok=1
Cmd: compileComputeKernel
  api=4 insize=57129 outsize=1287 ok=1
Cmd: compileComputeKernel
  api=4 insize=57129 outsize=1296 ok=1
Cmd: compileComputeKernel
  api=4 insize=95078 outsize=2787 ok=1
Cmd: compileComputeKernel
  api=4 insize=95078 outsize=9841 ok=1
Cmd: compileComputeKernel
  api=4 insize=95078 outsize=24465 ok=1
Cmd: compileComputeKernel
  api=4 insize=95078 outsize=1572 ok=1
Cmd: compileComputeKernel
  api=4 insize=95078 outsize=1969 ok=1
Cmd: compileComputeKernel
  api=4 insize=95078 outsize=1905 ok=1
Cmd: compileComputeKernel
  api=4 insize=95078 outsize=5359 ok=1
Cmd: compileComputeKernel
  api=4 insize=95078 outsize=15720 ok=1
Cmd: compileComputeKernel
  api=4 insize=4442 outsize=1449 ok=1
